app/build/outputs/logs/manifest-merger-release-report.txt
-- Merging decision tree log ---
manifest
ADDED from src\main\AndroidManifest.xml:2:1-196:12
INJECTED from src\main\AndroidManifest.xml:2:1-196:12
INJECTED from src\main\AndroidManifest.xml:2:1-196:12
INJECTED from src\main\AndroidManifest.xml:2:1-196:12
MERGED from [com.android.support:appcompat-v7:26.1.0] AndroidManifest.xml:17:1-31:12
MERGED from [com.android.support.constraint:constraint-layout:1.0.2] AndroidManifest.xml:2:1-11:12
MERGED from [cn.leancloud.android:avoscloud-push:v4.6.4] AndroidManifest.xml:2:1-11:12
MERGED from [cn.leancloud.android:avoscloud-feedback:v4.6.4] AndroidManifest.xml:2:1-11:12
MERGED from [cn.leancloud.android:avoscloud-sns:v4.6.4] AndroidManifest.xml:2:1-16:12
MERGED from [cn.leancloud.android:avoscloud-search:v4.6.4] AndroidManifest.xml:2:1-16:12
MERGED from [com.android.support:multidex:1.0.2] AndroidManifest.xml:17:1-22:12
MERGED from [com.android.support:animated-vector-drawable:26.1.0] AndroidManifest.xml:17:1-28:12
MERGED from [com.android.support:support-vector-drawable:26.1.0] AndroidManifest.xml:17:1-28:12
MERGED from [com.android.support:support-v4:26.1.0] AndroidManifest.xml:17:1-31:12
MERGED from [com.android.support:support-fragment:26.1.0] AndroidManifest.xml:17:1-31:12
MERGED from [com.android.support:support-core-ui:26.1.0] AndroidManifest.xml:17:1-31:12
MERGED from [com.android.support:support-media-compat:26.1.0] AndroidManifest.xml:17:1-31:12
MERGED from [com.android.support:support-core-utils:26.1.0] AndroidManifest.xml:17:1-31:12
MERGED from [com.android.support:support-compat:26.1.0] AndroidManifest.xml:17:1-31:12
MERGED from [android.arch.lifecycle:runtime:1.0.0] AndroidManifest.xml:17:1-30:12
INJECTED from src\main\AndroidManifest.xml:2:1-196:12
INJECTED from src\main\AndroidManifest.xml:2:1-196:12
INJECTED from src\main\AndroidManifest.xml:2:1-196:12
	package
		ADDED from src\main\AndroidManifest.xml:3:5-47
		INJECTED from src\main\AndroidManifest.xml
		INJECTED from src\main\AndroidManifest.xml
	android:versionName
		INJECTED from src\main\AndroidManifest.xml
		ADDED from src\main\AndroidManifest.xml:2:1-196:12
		INJECTED from src\main\AndroidManifest.xml
	android:versionCode
		INJECTED from src\main\AndroidManifest.xml
		ADDED from src\main\AndroidManifest.xml:2:1-196:12
		INJECTED from src\main\AndroidManifest.xml
	xmlns:android
		ADDED from src\main\AndroidManifest.xml:2:11-69
application
ADDED from src\main\AndroidManifest.xml:5:5-184:19
MERGED from [com.android.support:appcompat-v7:26.1.0] AndroidManifest.xml:25:5-29:19
MERGED from [com.android.support:appcompat-v7:26.1.0] AndroidManifest.xml:25:5-29:19
MERGED from [com.android.support.constraint:constraint-layout:1.0.2] AndroidManifest.xml:9:5-20
MERGED from [com.android.support.constraint:constraint-layout:1.0.2] AndroidManifest.xml:9:5-20
MERGED from [cn.leancloud.android:avoscloud-search:v4.6.4] AndroidManifest.xml:11:5-14:19
MERGED from [cn.leancloud.android:avoscloud-search:v4.6.4] AndroidManifest.xml:11:5-14:19
MERGED from [com.android.support:animated-vector-drawable:26.1.0] AndroidManifest.xml:22:5-26:19
MERGED from [com.android.support:animated-vector-drawable:26.1.0] AndroidManifest.xml:22:5-26:19
MERGED from [com.android.support:support-vector-drawable:26.1.0] AndroidManifest.xml:22:5-26:19
MERGED from [com.android.support:support-vector-drawable:26.1.0] AndroidManifest.xml:22:5-26:19
MERGED from [com.android.support:support-v4:26.1.0] AndroidManifest.xml:25:5-29:19
MERGED from [com.android.support:support-v4:26.1.0] AndroidManifest.xml:25:5-29:19
MERGED from [com.android.support:support-fragment:26.1.0] AndroidManifest.xml:25:5-29:19
MERGED from [com.android.support:support-fragment:26.1.0] AndroidManifest.xml:25:5-29:19
MERGED from [com.android.support:support-core-ui:26.1.0] AndroidManifest.xml:25:5-29:19
MERGED from [com.android.support:support-core-ui:26.1.0] AndroidManifest.xml:25:5-29:19
MERGED from [com.android.support:support-media-compat:26.1.0] AndroidManifest.xml:25:5-29:19
MERGED from [com.android.support:support-media-compat:26.1.0] AndroidManifest.xml:25:5-29:19
MERGED from [com.android.support:support-core-utils:26.1.0] AndroidManifest.xml:25:5-29:19
MERGED from [com.android.support:support-core-utils:26.1.0] AndroidManifest.xml:25:5-29:19
MERGED from [com.android.support:support-compat:26.1.0] AndroidManifest.xml:25:5-29:19
MERGED from [com.android.support:support-compat:26.1.0] AndroidManifest.xml:25:5-29:19
MERGED from [android.arch.lifecycle:runtime:1.0.0] AndroidManifest.xml:24:5-28:19
MERGED from [android.arch.lifecycle:runtime:1.0.0] AndroidManifest.xml:24:5-28:19
	android:supportsRtl
		ADDED from src\main\AndroidManifest.xml:10:9-35
	android:label
		ADDED from src\main\AndroidManifest.xml:8:9-41
	android:roundIcon
		ADDED from src\main\AndroidManifest.xml:9:9-54
	android:icon
		ADDED from src\main\AndroidManifest.xml:7:9-43
	android:allowBackup
		ADDED from src\main\AndroidManifest.xml:6:9-35
	android:theme
		ADDED from src\main\AndroidManifest.xml:11:9-40
	android:name
		ADDED from src\main\AndroidManifest.xml:12:9-39
activity#com.example.administrator.xmutsq.MainActivity
ADDED from src\main\AndroidManifest.xml:14:9-20:20
	android:name
		ADDED from src\main\AndroidManifest.xml:14:19-47
intent-filter#android.intent.action.MAIN+android.intent.category.LAUNCHER
ADDED from src\main\AndroidManifest.xml:15:13-19:29
action#android.intent.action.MAIN
ADDED from src\main\AndroidManifest.xml:16:17-69
	android:name
		ADDED from src\main\AndroidManifest.xml:16:25-66
category#android.intent.category.LAUNCHER
ADDED from src\main\AndroidManifest.xml:18:17-77
	android:name
		ADDED from src\main\AndroidManifest.xml:18:27-74
activity#com.example.administrator.xmutsq.PersonalCenter
ADDED from src\main\AndroidManifest.xml:21:9-27:20
	android:name
		ADDED from src\main\AndroidManifest.xml:21:19-49
intent-filter#android.intent.action.PERSONALCENTER+android.intent.category.DEFAULT
ADDED from src\main\AndroidManifest.xml:22:13-26:29
action#android.intent.action.PERSONALCENTER
ADDED from src\main\AndroidManifest.xml:23:17-79
	android:name
		ADDED from src\main\AndroidManifest.xml:23:25-76
category#android.intent.category.DEFAULT
ADDED from src\main\AndroidManifest.xml:25:17-76
	android:name
		ADDED from src\main\AndroidManifest.xml:25:27-73
activity#com.example.administrator.xmutsq.Login
ADDED from src\main\AndroidManifest.xml:28:9-34:20
	android:name
		ADDED from src\main\AndroidManifest.xml:28:19-40
intent-filter#android.intent.action.LOGIN+android.intent.category.DEFAULT
ADDED from src\main\AndroidManifest.xml:29:13-33:29
action#android.intent.action.LOGIN
ADDED from src\main\AndroidManifest.xml:30:17-70
	android:name
		ADDED from src\main\AndroidManifest.xml:30:25-67
activity#com.example.administrator.xmutsq.ResetPasswd
ADDED from src\main\AndroidManifest.xml:35:9-41:20
	android:name
		ADDED from src\main\AndroidManifest.xml:35:19-46
intent-filter#android.intent.action.RESETPASSWD+android.intent.category.DEFAULT
ADDED from src\main\AndroidManifest.xml:36:13-40:29
action#android.intent.action.RESETPASSWD
ADDED from src\main\AndroidManifest.xml:37:17-76
	android:name
		ADDED from src\main\AndroidManifest.xml:37:25-73
activity#com.example.administrator.xmutsq.Register
ADDED from src\main\AndroidManifest.xml:42:9-48:20
	android:name
		ADDED from src\main\AndroidManifest.xml:42:19-43
intent-filter#android.intent.action.REGISTER+android.intent.category.DEFAULT
ADDED from src\main\AndroidManifest.xml:43:13-47:29
action#android.intent.action.REGISTER
ADDED from src\main\AndroidManifest.xml:44:17-73
	android:name
		ADDED from src\main\AndroidManifest.xml:44:25-70
activity#com.example.administrator.xmutsq.UpdateInfo
ADDED from src\main\AndroidManifest.xml:49:9-55:20
	android:name
		ADDED from src\main\AndroidManifest.xml:49:19-45
intent-filter#android.intent.action.UPDATE+android.intent.category.DEFAULT
ADDED from src\main\AndroidManifest.xml:50:13-54:29
action#android.intent.action.UPDATE
ADDED from src\main\AndroidManifest.xml:51:17-71
	android:name
		ADDED from src\main\AndroidManifest.xml:51:25-68
activity#com.example.administrator.xmutsq.NoticeInfo
ADDED from src\main\AndroidManifest.xml:56:9-62:20
	android:name
		ADDED from src\main\AndroidManifest.xml:56:19-45
intent-filter#android.intent.action.NOTICEINFO+android.intent.category.DEFAULT
ADDED from src\main\AndroidManifest.xml:57:13-61:29
action#android.intent.action.NOTICEINFO
ADDED from src\main\AndroidManifest.xml:58:17-75
	android:name
		ADDED from src\main\AndroidManifest.xml:58:25-72
activity#com.example.administrator.xmutsq.AddNotice
ADDED from src\main\AndroidManifest.xml:63:9-69:20
	android:name
		ADDED from src\main\AndroidManifest.xml:63:19-44
intent-filter#android.intent.action.ADDNOTICE+android.intent.category.DEFAULT
ADDED from src\main\AndroidManifest.xml:64:13-68:29
action#android.intent.action.ADDNOTICE
ADDED from src\main\AndroidManifest.xml:65:17-74
	android:name
		ADDED from src\main\AndroidManifest.xml:65:25-71
activity#com.example.administrator.xmutsq.BookInfo
ADDED from src\main\AndroidManifest.xml:70:9-76:20
	android:name
		ADDED from src\main\AndroidManifest.xml:70:19-43
intent-filter#android.intent.action.BOOKINFO+android.intent.category.DEFAULT
ADDED from src\main\AndroidManifest.xml:71:13-75:29
action#android.intent.action.BOOKINFO
ADDED from src\main\AndroidManifest.xml:72:17-73
	android:name
		ADDED from src\main\AndroidManifest.xml:72:25-70
activity#com.example.administrator.xmutsq.AddBook
ADDED from src\main\AndroidManifest.xml:77:9-83:20
	android:name
		ADDED from src\main\AndroidManifest.xml:77:19-42
intent-filter#android.intent.action.ADDBOOK+android.intent.category.DEFAULT
ADDED from src\main\AndroidManifest.xml:78:13-82:29
action#android.intent.action.ADDBOOK
ADDED from src\main\AndroidManifest.xml:79:17-72
	android:name
		ADDED from src\main\AndroidManifest.xml:79:25-69
activity#com.example.administrator.xmutsq.GradeInfo
ADDED from src\main\AndroidManifest.xml:84:9-90:20
	android:name
		ADDED from src\main\AndroidManifest.xml:84:19-44
intent-filter#android.intent.action.GRADEINFO+android.intent.category.DEFAULT
ADDED from src\main\AndroidManifest.xml:85:13-89:29
action#android.intent.action.GRADEINFO
ADDED from src\main\AndroidManifest.xml:86:17-74
	android:name
		ADDED from src\main\AndroidManifest.xml:86:25-71
activity#com.example.administrator.xmutsq.AddGrade
ADDED from src\main\AndroidManifest.xml:91:9-97:20
	android:name
		ADDED from src\main\AndroidManifest.xml:91:19-43
intent-filter#android.intent.action.ADDGRADE+android.intent.category.DEFAULT
ADDED from src\main\AndroidManifest.xml:92:13-96:29
action#android.intent.action.ADDGRADE
ADDED from src\main\AndroidManifest.xml:93:17-73
	android:name
		ADDED from src\main\AndroidManifest.xml:93:25-70
activity#com.example.administrator.xmutsq.LostAndFoundS
ADDED from src\main\AndroidManifest.xml:98:9-104:20
	android:name
		ADDED from src\main\AndroidManifest.xml:98:19-48
intent-filter#android.intent.action.LOSTANDFOUNDS+android.intent.category.DEFAULT
ADDED from src\main\AndroidManifest.xml:99:13-103:29
action#android.intent.action.LOSTANDFOUNDS
ADDED from src\main\AndroidManifest.xml:100:17-78
	android:name
		ADDED from src\main\AndroidManifest.xml:100:25-75
activity#com.example.administrator.xmutsq.LostAndFoundInfo
ADDED from src\main\AndroidManifest.xml:105:9-111:20
	android:name
		ADDED from src\main\AndroidManifest.xml:105:19-51
intent-filter#android.intent.action.LOSTANDFOUNDINFO+android.intent.category.DEFAULT
ADDED from src\main\AndroidManifest.xml:106:13-110:29
action#android.intent.action.LOSTANDFOUNDINFO
ADDED from src\main\AndroidManifest.xml:107:17-81
	android:name
		ADDED from src\main\AndroidManifest.xml:107:25-78
activity#com.example.administrator.xmutsq.AddLost
ADDED from src\main\AndroidManifest.xml:112:9-118:20
	android:name
		ADDED from src\main\AndroidManifest.xml:112:19-42
intent-filter#android.intent.action.ADDLOST+android.intent.category.DEFAULT
ADDED from src\main\AndroidManifest.xml:113:13-117:29
action#android.intent.action.ADDLOST
ADDED from src\main\AndroidManifest.xml:114:17-72
	android:name
		ADDED from src\main\AndroidManifest.xml:114:25-69
activity#com.example.administrator.xmutsq.AlterPWD
ADDED from src\main\AndroidManifest.xml:119:9-125:20
	android:name
		ADDED from src\main\AndroidManifest.xml:119:19-43
intent-filter#android.intent.action.ALTERPWD+android.intent.category.DEFAULT
ADDED from src\main\AndroidManifest.xml:120:13-124:29
action#android.intent.action.ALTERPWD
ADDED from src\main\AndroidManifest.xml:121:17-73
	android:name
		ADDED from src\main\AndroidManifest.xml:121:25-70
provider#android.support.v4.content.FileProvider
ADDED from src\main\AndroidManifest.xml:127:9-135:20
	android:grantUriPermissions
		ADDED from src\main\AndroidManifest.xml:131:13-47
	android:authorities
		ADDED from src\main\AndroidManifest.xml:129:13-67
	android:exported
		ADDED from src\main\AndroidManifest.xml:130:13-37
	android:name
		ADDED from src\main\AndroidManifest.xml:128:13-67
meta-data#android.support.FILE_PROVIDER_PATHS
ADDED from src\main\AndroidManifest.xml:132:13-134:53
	android:resource
		ADDED from src\main\AndroidManifest.xml:134:17-50
	android:name
		ADDED from src\main\AndroidManifest.xml:133:17-67
receiver#com.example.administrator.xmutsq.PersonalCenter$MyBroad
ADDED from src\main\AndroidManifest.xml:140:9-144:20
	android:name
		ADDED from src\main\AndroidManifest.xml:140:19-57
intent-filter#com.example.administrator.MYBROAD
ADDED from src\main\AndroidManifest.xml:141:13-143:29
action#com.example.administrator.MYBROAD
ADDED from src\main\AndroidManifest.xml:142:17-75
	android:name
		ADDED from src\main\AndroidManifest.xml:142:25-73
receiver#com.example.administrator.xmutsq.MainActivity$MyBroad
ADDED from src\main\AndroidManifest.xml:145:9-149:20
	android:name
		ADDED from src\main\AndroidManifest.xml:145:19-55
intent-filter#com.example.administrator.MYBROAD2
ADDED from src\main\AndroidManifest.xml:146:13-148:29
action#com.example.administrator.MYBROAD2
ADDED from src\main\AndroidManifest.xml:147:17-76
	android:name
		ADDED from src\main\AndroidManifest.xml:147:25-74
receiver#com.example.administrator.xmutsq.NoticeH$MyBroad
ADDED from src\main\AndroidManifest.xml:150:9-154:20
	android:name
		ADDED from src\main\AndroidManifest.xml:150:19-50
intent-filter#com.example.administrator.MYBROAD3
ADDED from src\main\AndroidManifest.xml:151:13-153:29
action#com.example.administrator.MYBROAD3
ADDED from src\main\AndroidManifest.xml:152:17-76
	android:name
		ADDED from src\main\AndroidManifest.xml:152:25-74
receiver#com.example.administrator.xmutsq.BookH$MyBroad
ADDED from src\main\AndroidManifest.xml:155:9-159:20
	android:name
		ADDED from src\main\AndroidManifest.xml:155:19-48
intent-filter#com.example.administrator.MYBROAD4
ADDED from src\main\AndroidManifest.xml:156:13-158:29
action#com.example.administrator.MYBROAD4
ADDED from src\main\AndroidManifest.xml:157:17-76
	android:name
		ADDED from src\main\AndroidManifest.xml:157:25-74
receiver#com.example.administrator.xmutsq.LostAndFoundS$MyBroad
ADDED from src\main\AndroidManifest.xml:160:9-164:20
	android:name
		ADDED from src\main\AndroidManifest.xml:160:19-56
intent-filter#com.example.administrator.MYBROAD5
ADDED from src\main\AndroidManifest.xml:161:13-163:29
action#com.example.administrator.MYBROAD5
ADDED from src\main\AndroidManifest.xml:162:17-76
	android:name
		ADDED from src\main\AndroidManifest.xml:162:25-74
service#com.avos.avoscloud.PushService
ADDED from src\main\AndroidManifest.xml:169:9-65
	android:name
		ADDED from src\main\AndroidManifest.xml:169:18-63
receiver#com.avos.avoscloud.AVBroadcastReceiver
ADDED from src\main\AndroidManifest.xml:170:9-176:20
	android:name
		ADDED from src\main\AndroidManifest.xml:170:19-72
intent-filter#android.intent.action.BOOT_COMPLETED+android.intent.action.USER_PRESENT+android.net.conn.CONNECTIVITY_CHANGE
ADDED from src\main\AndroidManifest.xml:171:13-175:29
action#android.intent.action.BOOT_COMPLETED
ADDED from src\main\AndroidManifest.xml:172:17-78
	android:name
		ADDED from src\main\AndroidManifest.xml:172:25-76
action#android.intent.action.USER_PRESENT
ADDED from src\main\AndroidManifest.xml:173:17-76
	android:name
		ADDED from src\main\AndroidManifest.xml:173:25-74
action#android.net.conn.CONNECTIVITY_CHANGE
ADDED from src\main\AndroidManifest.xml:174:17-79
	android:name
		ADDED from src\main\AndroidManifest.xml:174:25-76
activity#com.avos.avoscloud.feedback.ThreadActivity
ADDED from src\main\AndroidManifest.xml:180:9-182:20
	android:name
		ADDED from src\main\AndroidManifest.xml:181:13-70
uses-permission#android.permission.WRITE_EXTERNAL_STORAGE
ADDED from src\main\AndroidManifest.xml:187:5-81
	android:name
		ADDED from src\main\AndroidManifest.xml:187:22-78
uses-permission#android.permission.INTERNET
ADDED from src\main\AndroidManifest.xml:188:5-66
MERGED from [cn.leancloud.android:avoscloud-sns:v4.6.4] AndroidManifest.xml:11:5-67
MERGED from [cn.leancloud.android:avoscloud-sns:v4.6.4] AndroidManifest.xml:11:5-67
	android:name
		ADDED from src\main\AndroidManifest.xml:188:22-64
uses-permission#android.permission.ACCESS_NETWORK_STATE
ADDED from src\main\AndroidManifest.xml:189:5-79
MERGED from [cn.leancloud.android:avoscloud-sns:v4.6.4] AndroidManifest.xml:14:5-79
MERGED from [cn.leancloud.android:avoscloud-sns:v4.6.4] AndroidManifest.xml:14:5-79
	android:name
		ADDED from src\main\AndroidManifest.xml:189:22-76
uses-permission#android.permission.READ_PHONE_STATE
ADDED from src\main\AndroidManifest.xml:190:5-75
	android:name
		ADDED from src\main\AndroidManifest.xml:190:22-72
uses-permission#android.permission.ACCESS_WIFI_STATE
ADDED from src\main\AndroidManifest.xml:191:5-76
	android:name
		ADDED from src\main\AndroidManifest.xml:191:22-73
uses-sdk
INJECTED from src\main\AndroidManifest.xml reason: use-sdk injection requested
INJECTED from src\main\AndroidManifest.xml
INJECTED from src\main\AndroidManifest.xml
MERGED from [com.android.support:appcompat-v7:26.1.0] AndroidManifest.xml:21:5-23:78
MERGED from [com.android.support:appcompat-v7:26.1.0] AndroidManifest.xml:21:5-23:78
MERGED from [com.android.support.constraint:constraint-layout:1.0.2] AndroidManifest.xml:5:5-7:41
MERGED from [com.android.support.constraint:constraint-layout:1.0.2] AndroidManifest.xml:5:5-7:41
MERGED from [cn.leancloud.android:avoscloud-push:v4.6.4] AndroidManifest.xml:7:5-9:41
MERGED from [cn.leancloud.android:avoscloud-push:v4.6.4] AndroidManifest.xml:7:5-9:41
MERGED from [cn.leancloud.android:avoscloud-feedback:v4.6.4] AndroidManifest.xml:7:5-9:41
MERGED from [cn.leancloud.android:avoscloud-feedback:v4.6.4] AndroidManifest.xml:7:5-9:41
MERGED from [cn.leancloud.android:avoscloud-sns:v4.6.4] AndroidManifest.xml:7:5-9:41
MERGED from [cn.leancloud.android:avoscloud-sns:v4.6.4] AndroidManifest.xml:7:5-9:41
MERGED from [cn.leancloud.android:avoscloud-search:v4.6.4] AndroidManifest.xml:7:5-9:41
MERGED from [cn.leancloud.android:avoscloud-search:v4.6.4] AndroidManifest.xml:7:5-9:41
MERGED from [com.android.support:multidex:1.0.2] AndroidManifest.xml:20:5-43
MERGED from [com.android.support:multidex:1.0.2] AndroidManifest.xml:20:5-43
MERGED from [com.android.support:animated-vector-drawable:26.1.0] AndroidManifest.xml:20:5-44
MERGED from [com.android.support:animated-vector-drawable:26.1.0] AndroidManifest.xml:20:5-44
MERGED from [com.android.support:support-vector-drawable:26.1.0] AndroidManifest.xml:20:5-44
MERGED from [com.android.support:support-vector-drawable:26.1.0] AndroidManifest.xml:20:5-44
MERGED from [com.android.support:support-v4:26.1.0] AndroidManifest.xml:21:5-23:54
MERGED from [com.android.support:support-v4:26.1.0] AndroidManifest.xml:21:5-23:54
MERGED from [com.android.support:support-fragment:26.1.0] AndroidManifest.xml:21:5-23:60
MERGED from [com.android.support:support-fragment:26.1.0] AndroidManifest.xml:21:5-23:60
MERGED from [com.android.support:support-core-ui:26.1.0] AndroidManifest.xml:21:5-23:58
MERGED from [com.android.support:support-core-ui:26.1.0] AndroidManifest.xml:21:5-23:58
MERGED from [com.android.support:support-media-compat:26.1.0] AndroidManifest.xml:21:5-23:63
MERGED from [com.android.support:support-media-compat:26.1.0] AndroidManifest.xml:21:5-23:63
MERGED from [com.android.support:support-core-utils:26.1.0] AndroidManifest.xml:21:5-23:61
MERGED from [com.android.support:support-core-utils:26.1.0] AndroidManifest.xml:21:5-23:61
MERGED from [com.android.support:support-compat:26.1.0] AndroidManifest.xml:21:5-23:58
MERGED from [com.android.support:support-compat:26.1.0] AndroidManifest.xml:21:5-23:58
MERGED from [android.arch.lifecycle:runtime:1.0.0] AndroidManifest.xml:20:5-22:41
MERGED from [android.arch.lifecycle:runtime:1.0.0] AndroidManifest.xml:20:5-22:41
INJECTED from src\main\AndroidManifest.xml
INJECTED from src\main\AndroidManifest.xml
	tools:overrideLibrary
		ADDED from [com.android.support:appcompat-v7:26.1.0] AndroidManifest.xml:23:9-75
	android:targetSdkVersion
		INJECTED from src\main\AndroidManifest.xml
		ADDED from src\main\AndroidManifest.xml
		INJECTED from src\main\AndroidManifest.xml
	android:minSdkVersion
		INJECTED from src\main\AndroidManifest.xml
		ADDED from src\main\AndroidManifest.xml
		INJECTED from src\main\AndroidManifest.xml
meta-data#android.support.VERSION
ADDED from [com.android.support:appcompat-v7:26.1.0] AndroidManifest.xml:26:9-28:38
MERGED from [com.android.support:animated-vector-drawable:26.1.0] AndroidManifest.xml:23:9-25:38
MERGED from [com.android.support:animated-vector-drawable:26.1.0] AndroidManifest.xml:23:9-25:38
MERGED from [com.android.support:support-vector-drawable:26.1.0] AndroidManifest.xml:23:9-25:38
MERGED from [com.android.support:support-vector-drawable:26.1.0] AndroidManifest.xml:23:9-25:38
MERGED from [com.android.support:support-v4:26.1.0] AndroidManifest.xml:26:9-28:38
MERGED from [com.android.support:support-v4:26.1.0] AndroidManifest.xml:26:9-28:38
MERGED from [com.android.support:support-fragment:26.1.0] AndroidManifest.xml:26:9-28:38
MERGED from [com.android.support:support-fragment:26.1.0] AndroidManifest.xml:26:9-28:38
MERGED from [com.android.support:support-core-ui:26.1.0] AndroidManifest.xml:26:9-28:38
MERGED from [com.android.support:support-core-ui:26.1.0] AndroidManifest.xml:26:9-28:38
MERGED from [com.android.support:support-media-compat:26.1.0] AndroidManifest.xml:26:9-28:38
MERGED from [com.android.support:support-media-compat:26.1.0] AndroidManifest.xml:26:9-28:38
MERGED from [com.android.support:support-core-utils:26.1.0] AndroidManifest.xml:26:9-28:38
MERGED from [com.android.support:support-core-utils:26.1.0] AndroidManifest.xml:26:9-28:38
MERGED from [com.android.support:support-compat:26.1.0] AndroidManifest.xml:26:9-28:38
MERGED from [com.android.support:support-compat:26.1.0] AndroidManifest.xml:26:9-28:38
	android:value
		ADDED from [com.android.support:appcompat-v7:26.1.0] AndroidManifest.xml:28:13-35
	android:name
		ADDED from [com.android.support:appcompat-v7:26.1.0] AndroidManifest.xml:27:13-51
uses-permission#android.permission.RECEIVE_BOOT_COMPLETED
ADDED from [cn.leancloud.android:avoscloud-sns:v4.6.4] AndroidManifest.xml:12:5-81
	android:name
		ADDED from [cn.leancloud.android:avoscloud-sns:v4.6.4] AndroidManifest.xml:12:22-78
uses-permission#android.permission.VIBRATE
ADDED from [cn.leancloud.android:avoscloud-sns:v4.6.4] AndroidManifest.xml:13:5-66
	android:name
		ADDED from [cn.leancloud.android:avoscloud-sns:v4.6.4] AndroidManifest.xml:13:22-63
activity#com.avos.avoscloud.search.SearchActivity
ADDED from [cn.leancloud.android:avoscloud-search:v4.6.4] AndroidManifest.xml:12:9-13:20
	android:name
		ADDED from [cn.leancloud.android:avoscloud-search:v4.6.4] AndroidManifest.xml:12:19-74
meta-data#android.arch.lifecycle.VERSION
ADDED from [android.arch.lifecycle:runtime:1.0.0] AndroidManifest.xml:25:9-27:47
	android:value
		ADDED from [android.arch.lifecycle:runtime:1.0.0] AndroidManifest.xml:27:13-44
	android:name
		ADDED from [android.arch.lifecycle:runtime:1.0.0] AndroidManifest.xml:26:13-58